android/app/build/intermediates/manifest_merge_blame_file/debug/manifest-merger-blame-debug-report.txt
1<?xml version="1.0" encoding="utf-8"?>
2<manifest xmlns:android="http://schemas.android.com/apk/res/android"
3    package="com.dokhanado"
4    android:versionCode="1"
5    android:versionName="1.0" >
6
7    <uses-sdk
8        android:minSdkVersion="21"
9        android:targetSdkVersion="29" />
10
11    <uses-permission android:name="android.permission.SYSTEM_ALERT_WINDOW" />
11-->src/debug/AndroidManifest.xml:5:5-77
11-->src/debug/AndroidManifest.xml:5:22-75
12    <uses-permission android:name="android.permission.INTERNET" />
12-->src/main/AndroidManifest.xml:4:5-67
12-->src/main/AndroidManifest.xml:4:22-64
13    <uses-permission android:name="android.permission.ACCESS_FINE_LOCATION" />
13-->src/main/AndroidManifest.xml:5:5-7:3
13-->src/main/AndroidManifest.xml:6:4-58
14    <uses-permission android:name="android.permission.ACCESS_WIFI_STATE" />
14-->[com.facebook.flipper:flipper:0.75.1] AndroidManifest.xml:16:5-76
14-->[com.facebook.flipper:flipper:0.75.1] AndroidManifest.xml:16:22-73
15    <uses-permission android:name="android.permission.ACCESS_COARSE_LOCATION" /> <!-- Include required permissions for Google Maps API to run. -->
15-->[:react-native-maps] AndroidManifest.xml:10:5-81
15-->[:react-native-maps] AndroidManifest.xml:10:22-78
16    <uses-permission android:name="android.permission.ACCESS_NETWORK_STATE" />
16-->[com.google.android.gms:play-services-maps:17.0.0] AndroidManifest.xml:23:5-79
16-->[com.google.android.gms:play-services-maps:17.0.0] AndroidManifest.xml:23:22-76
17
18    <uses-feature
18-->[com.google.android.gms:play-services-maps:17.0.0] AndroidManifest.xml:26:5-28:35
19        android:glEsVersion="0x00020000"
19-->[com.google.android.gms:play-services-maps:17.0.0] AndroidManifest.xml:27:9-41
20        android:required="true" />
20-->[com.google.android.gms:play-services-maps:17.0.0] AndroidManifest.xml:28:9-32
21
22    <application
22-->src/main/AndroidManifest.xml:9:5-33:19
23        android:name="com.dokhanado.MainApplication"
23-->src/main/AndroidManifest.xml:10:7-38
24        android:allowBackup="false"
24-->src/main/AndroidManifest.xml:14:7-34
25        android:appComponentFactory="androidx.core.app.CoreComponentFactory"
25-->[androidx.core:core:1.2.0] AndroidManifest.xml:24:18-86
26        android:debuggable="true"
27        android:icon="@mipmap/ic_launcher"
27-->src/main/AndroidManifest.xml:12:7-41
28        android:label="@string/app_name"
28-->src/main/AndroidManifest.xml:11:7-39
29        android:roundIcon="@mipmap/ic_launcher_round"
29-->src/main/AndroidManifest.xml:13:7-52
30        android:theme="@style/AppTheme"
30-->src/main/AndroidManifest.xml:15:7-38
31        android:usesCleartextTraffic="true" >
31-->src/debug/AndroidManifest.xml:8:9-44
32        <activity android:name="com.facebook.react.devsupport.DevSettingsActivity" />
32-->src/debug/AndroidManifest.xml:11:9-86
32-->src/debug/AndroidManifest.xml:11:19-83
33
34        <meta-data
34-->src/main/AndroidManifest.xml:16:7-18:63
35            android:name="com.google.android.geo.API_KEY"
35-->src/main/AndroidManifest.xml:17:6-51
36            android:value="AIzaSyC85SGQeKy2psj2VdWbSxkYAX1UN2xQeR4" /> <!-- You will also only need to add this uses-library tag -->
36-->src/main/AndroidManifest.xml:18:6-61
37        <uses-library
37-->src/main/AndroidManifest.xml:21:4-82
38            android:name="org.apache.http.legacy"
38-->src/main/AndroidManifest.xml:21:18-55
39            android:required="false" />
39-->src/main/AndroidManifest.xml:21:56-80
40
41        <activity
41-->src/main/AndroidManifest.xml:22:7-32:18
42            android:name="com.dokhanado.MainActivity"
42-->src/main/AndroidManifest.xml:23:9-37
43            android:configChanges="keyboard|keyboardHidden|orientation|screenSize|uiMode"
43-->src/main/AndroidManifest.xml:25:9-86
44            android:label="@string/app_name"
44-->src/main/AndroidManifest.xml:24:9-41
45            android:launchMode="singleTask"
45-->src/main/AndroidManifest.xml:26:9-40
46            android:windowSoftInputMode="adjustResize" >
46-->src/main/AndroidManifest.xml:27:9-51
47            <intent-filter>
47-->src/main/AndroidManifest.xml:28:9-31:25
48                <action android:name="android.intent.action.MAIN" />
48-->src/main/AndroidManifest.xml:29:13-65
48-->src/main/AndroidManifest.xml:29:21-62
49
50                <category android:name="android.intent.category.LAUNCHER" />
50-->src/main/AndroidManifest.xml:30:13-73
50-->src/main/AndroidManifest.xml:30:23-70
51            </intent-filter>
52        </activity>
53        <activity
53-->[com.google.android.gms:play-services-base:17.5.0] AndroidManifest.xml:23:9-26:75
54            android:name="com.google.android.gms.common.api.GoogleApiActivity"
54-->[com.google.android.gms:play-services-base:17.5.0] AndroidManifest.xml:24:13-79
55            android:exported="false"
55-->[com.google.android.gms:play-services-base:17.5.0] AndroidManifest.xml:25:13-37
56            android:theme="@android:style/Theme.Translucent.NoTitleBar" />
56-->[com.google.android.gms:play-services-base:17.5.0] AndroidManifest.xml:26:13-72
57
58        <meta-data
58-->[com.google.maps.android:android-maps-utils:0.5] AndroidManifest.xml:8:9-10:69
59            android:name="com.google.android.gms.version"
59-->[com.google.maps.android:android-maps-utils:0.5] AndroidManifest.xml:9:13-58
60            android:value="@integer/google_play_services_version" />
60-->[com.google.maps.android:android-maps-utils:0.5] AndroidManifest.xml:10:13-66
61    </application>
62
63</manifest>